0 info it worked if it ends with ok
1 verbose cli [ 'C:\\Program Files\\nodejs\\node.exe',
1 verbose cli   'C:\\Program Files\\nodejs\\node_modules\\npm\\bin\\npm-cli.js',
1 verbose cli   'install',
1 verbose cli   'masonry-layout',
1 verbose cli   '--save' ]
2 info using npm@2.15.9
3 info using node@v4.5.0
4 verbose install initial load of D:\dev\git\FW\package.json
5 warn package.json gulp_project@0.0.1 No repository field.
6 warn package.json gulp_project@0.0.1 No README data
7 warn package.json gulp_project@0.0.1 No license field.
8 verbose installManyTop reading scoped package data from D:\dev\git\FW\node_modules\bower\package.json
9 verbose installManyTop reading scoped package data from D:\dev\git\FW\node_modules\browser-sync\package.json
10 verbose installManyTop reading scoped package data from D:\dev\git\FW\node_modules\gulp\package.json
11 verbose installManyTop reading scoped package data from D:\dev\git\FW\node_modules\gulp-callback\package.json
12 verbose installManyTop reading scoped package data from D:\dev\git\FW\node_modules\gulp-clean\package.json
13 verbose installManyTop reading scoped package data from D:\dev\git\FW\node_modules\gulp-compass\package.json
14 verbose installManyTop reading scoped package data from D:\dev\git\FW\node_modules\gulp-connect\package.json
15 verbose installManyTop reading scoped package data from D:\dev\git\FW\node_modules\gulp-html-beautify\package.json
16 verbose installManyTop reading scoped package data from D:\dev\git\FW\node_modules\gulp-if\package.json
17 verbose installManyTop reading scoped package data from D:\dev\git\FW\node_modules\gulp-minify-css\package.json
18 verbose installManyTop reading scoped package data from D:\dev\git\FW\node_modules\gulp-plumber\package.json
19 verbose installManyTop reading scoped package data from D:\dev\git\FW\node_modules\gulp-pug\package.json
20 verbose installManyTop reading scoped package data from D:\dev\git\FW\node_modules\gulp-sftp\package.json
21 verbose installManyTop reading scoped package data from D:\dev\git\FW\node_modules\gulp-twig\package.json
22 verbose installManyTop reading scoped package data from D:\dev\git\FW\node_modules\gulp-uglify\package.json
23 verbose installManyTop reading scoped package data from D:\dev\git\FW\node_modules\gulp-useref\package.json
24 verbose installManyTop reading scoped package data from D:\dev\git\FW\node_modules\gulp-util\package.json
25 verbose installManyTop reading scoped package data from D:\dev\git\FW\node_modules\useref\package.json
26 verbose installManyTop reading scoped package data from D:\dev\git\FW\node_modules\wiredep\package.json
27 info package.json gulp-callback@0.0.3 license should be a valid SPDX license expression
28 info package.json gulp-minify-css@1.2.4 No repository field.
29 info package.json gulp-twig@0.5.0 No license field.
30 verbose readDependencies loading dependencies from D:\dev\git\FW\package.json
31 silly cache add args [ 'masonry-layout', null ]
32 verbose cache add spec masonry-layout
33 silly cache add parsed spec Result {
33 silly cache add   raw: 'masonry-layout',
33 silly cache add   scope: null,
33 silly cache add   name: 'masonry-layout',
33 silly cache add   rawSpec: '',
33 silly cache add   spec: 'latest',
33 silly cache add   type: 'tag' }
34 silly addNamed masonry-layout@latest
35 verbose addNamed "latest" is being treated as a dist-tag for masonry-layout
36 info addNameTag [ 'masonry-layout', 'latest' ]
37 silly mapToRegistry name masonry-layout
38 silly mapToRegistry using default registry
39 silly mapToRegistry registry https://registry.npmjs.org/
40 silly mapToRegistry data Result {
40 silly mapToRegistry   raw: 'masonry-layout',
40 silly mapToRegistry   scope: null,
40 silly mapToRegistry   name: 'masonry-layout',
40 silly mapToRegistry   rawSpec: '',
40 silly mapToRegistry   spec: 'latest',
40 silly mapToRegistry   type: 'tag' }
41 silly mapToRegistry uri https://registry.npmjs.org/masonry-layout
42 verbose addNameTag registry:https://registry.npmjs.org/masonry-layout not in flight; fetching
43 verbose request uri https://registry.npmjs.org/masonry-layout
44 verbose request no auth needed
45 info attempt registry request try #1 at 12:47:40
46 verbose request id 8e961dbbd9ad3be1
47 http request GET https://registry.npmjs.org/masonry-layout
48 info retry will retry, error on last attempt: Error: getaddrinfo ENOTFOUND registry.npmjs.org registry.npmjs.org:443
49 info attempt registry request try #2 at 12:48:01
50 http request GET https://registry.npmjs.org/masonry-layout
51 info retry will retry, error on last attempt: Error: getaddrinfo ENOENT registry.npmjs.org:443
52 info attempt registry request try #3 at 12:49:01
53 http request GET https://registry.npmjs.org/masonry-layout
54 verbose stack Error: getaddrinfo ENOENT registry.npmjs.org:443
54 verbose stack     at Object.exports._errnoException (util.js:907:11)
54 verbose stack     at errnoException (dns.js:32:15)
54 verbose stack     at GetAddrInfoReqWrap.onlookup [as oncomplete] (dns.js:78:26)
55 verbose cwd D:\dev\git\FW
56 error Windows_NT 10.0.14393
57 error argv "C:\\Program Files\\nodejs\\node.exe" "C:\\Program Files\\nodejs\\node_modules\\npm\\bin\\npm-cli.js" "install" "masonry-layout" "--save"
58 error node v4.5.0
59 error npm  v2.15.9
60 error code ENOENT
61 error errno ENOENT
62 error syscall getaddrinfo
63 error enoent getaddrinfo ENOENT registry.npmjs.org:443
63 error enoent This is most likely not a problem with npm itself
63 error enoent and is related to npm not being able to find a file.
64 verbose exit [ 1, true ]
